<?xml version="1.0" encoding="UTF-8"?><testsuite errors="1" failures="0" name="ingresar a la sección de sostenibilidad" skipped="0" tests="1" time="5.57" timestamp="2024-08-21 01:32:21"><testcase name=": finalizar exitosamente una compra desde el carrito"><error message="Could not instantiate class org.openqa.selenium.chrome.ChromeDriver" type="net.thucydides.core.webdriver.DriverConfigurationError">Could not instantiate class org.openqa.selenium.chrome.ChromeDriver</error><system-err>Could not instantiate class org.openqa.selenium.chrome.ChromeDriver&#13;
com.banistmo.certification.website.website.stepdefinitions.SostenibilidadStepDefinitions.queElUsuarioAbreLaUrl(SostenibilidadStepDefinitions.java:34)&#13;
cucumber.runner.Runner.runPickle(Runner.java:80)&#13;
worker.org.gradle.process.internal.worker.GradleWorkerMain.run(GradleWorkerMain.java:69)&#13;
worker.org.gradle.process.internal.worker.GradleWorkerMain.main(GradleWorkerMain.java:74)&#13;
</system-err></testcase></testsuite>